This file contains any messages produced by compilers while
running configure, to aid debugging if configure makes a mistake.

It was created by tdbcsqlite3 configure 1.0.4, which was
generated by GNU Autoconf 2.69.  Invocation command line was

  $ /Users/light/Documents/2017summer/text_analysis/external_data/WordNet-3.0/tcl8.6.6/pkgs/tdbcsqlite3-1.0.4/configure --with-tcl=../.. --with-tclinclude=/Users/light/Documents/2017summer/text_analysis/external_data/WordNet-3.0/tcl8.6.6/generic options build_alias=options host_alias=options target_alias=options --libdir=/usr/local/lib --enable-shared --enable-threads

## --------- ##
## Platform. ##
## --------- ##

hostname = guangdeMacBook-Pro.local
uname -m = x86_64
uname -r = 14.5.0
uname -s = Darwin
uname -v = Darwin Kernel Version 14.5.0: Thu Jun 16 19:58:21 PDT 2016; root:xnu-2782.50.4~1/RELEASE_X86_64

/usr/bin/uname -p = i386
/bin/uname -X     = unknown

/bin/arch              = unknown
/usr/bin/arch -k       = unknown
/usr/convex/getsysinfo = unknown
/usr/bin/hostinfo      = Mach kernel version:
	 Darwin Kernel Version 14.5.0: Thu Jun 16 19:58:21 PDT 2016; root:xnu-2782.50.4~1/RELEASE_X86_64
Kernel configured for up to 4 processors.
2 processors are physically available.
4 processors are logically available.
Processor type: x86_64h (Intel x86-64h Haswell)
Processors active: 0 1 2 3
Primary memory available: 8.00 gigabytes
Default processor set: 205 tasks, 940 threads, 4 processors
Load average: 2.12, Mach factor: 1.87
/bin/machine           = unknown
/usr/bin/oslevel       = unknown
/bin/universe          = unknown

PATH: /Users/light/Documents/2017summer/CrowdFundingCampaignSuccess/Code/Python/Text_Mining/stanford-postagger-full-2017-06-09
PATH: /usr/local/bin
PATH: /usr/local/bin
PATH: /Users/light/Document/leetcode
PATH: /Users/light/anaconda/bin
PATH: /Users/light/Documents/anaconda/bin
PATH: //anaconda/bin
PATH: /Users/light/anaconda/bin
PATH: /usr/local/bin
PATH: /usr/bin
PATH: /bin
PATH: /usr/sbin
PATH: /sbin
PATH: /opt/X11/bin
PATH: /Library/TeX/texbin


## ----------- ##
## Core tests. ##
## ----------- ##

configure:1786: checking for correct TEA configuration
configure:1799: result: ok (TEA 3.9)
configure:1881: configuring tdbcsqlite3 1.0.4
configure:1953: checking for Tcl configuration
configure:2078: result: found /Users/light/Documents/2017summer/text_analysis/external_data/WordNet-3.0/tcl8.6.6/unix/tclConfig.sh
configure:2091: checking for options-gcc
configure:2121: result: no
configure:2131: checking for gcc
configure:2147: found /usr/bin/gcc
configure:2158: result: gcc
configure:2387: checking for C compiler version
configure:2396: gcc --version >&5
Apple LLVM version 7.0.2 (clang-700.1.81)
Target: x86_64-apple-darwin14.5.0
Thread model: posix
Configured with: --prefix=/Library/Developer/CommandLineTools/usr --with-gxx-include-dir=/usr/include/c++/4.2.1
configure:2407: $? = 0
configure:2396: gcc -v >&5
Configured with: --prefix=/Library/Developer/CommandLineTools/usr --with-gxx-include-dir=/usr/include/c++/4.2.1
Apple LLVM version 7.0.2 (clang-700.1.81)
Target: x86_64-apple-darwin14.5.0
Thread model: posix
configure:2407: $? = 0
configure:2396: gcc -V >&5
clang: error: argument to '-V' is missing (expected 1 value)
clang: error: no input files
configure:2407: $? = 1
configure:2396: gcc -qversion >&5
clang: error: unknown argument: '-qversion'
clang: error: no input files
configure:2407: $? = 1
configure:2427: checking whether the C compiler works
configure:2449: gcc    conftest.c  >&5
configure:2453: $? = 0
configure:2501: result: yes
configure:2504: checking for C compiler default output file name
configure:2506: result: a.out
configure:2512: checking for suffix of executables
configure:2519: gcc -o conftest    conftest.c  >&5
configure:2523: $? = 0
configure:2545: result: 
configure:2567: checking whether we are cross compiling
configure:2575: gcc -o conftest    conftest.c  >&5
configure:2579: $? = 0
configure:2586: ./conftest
configure:2590: $? = 0
configure:2605: result: no
configure:2610: checking for suffix of object files
configure:2632: gcc -c   conftest.c >&5
configure:2636: $? = 0
configure:2657: result: o
configure:2661: checking whether we are using the GNU C compiler
configure:2680: gcc -c   conftest.c >&5
configure:2680: $? = 0
configure:2689: result: yes
configure:2698: checking whether gcc accepts -g
configure:2718: gcc -c -g  conftest.c >&5
configure:2718: $? = 0
configure:2759: result: yes
configure:2776: checking for gcc option to accept ISO C89
configure:2839: gcc  -c   conftest.c >&5
configure:2839: $? = 0
configure:2852: result: none needed
configure:2874: checking for existence of /Users/light/Documents/2017summer/text_analysis/external_data/WordNet-3.0/tcl8.6.6/unix/tclConfig.sh
configure:2878: result: loading
configure:2942: checking platform
configure:2960: gcc -c   conftest.c >&5
configure:2960: $? = 0
configure:3010: result: unix
configure:3055: checking for tdbc configuration
configure:3142: result: found /Users/light/Documents/2017summer/text_analysis/external_data/WordNet-3.0/tcl8.6.6/unix/pkgs/tdbc1.0.4/tdbcConfig.sh
configure:3148: checking for existence of /Users/light/Documents/2017summer/text_analysis/external_data/WordNet-3.0/tcl8.6.6/unix/pkgs/tdbc1.0.4/tdbcConfig.sh
configure:3152: result: loading
configure:3170: WARNING: Found Makefile - using build library specs for tdbc
configure:3241: checking For tdbc_STUB library for LIBS
configure:3274: result: using tdbc_STUB_LIB_SPEC -L/Users/light/Documents/2017summer/text_analysis/external_data/WordNet-3.0/tcl8.6.6/unix/pkgs/tdbc1.0.4 -ltdbcstub1.0.4
configure:3299: --prefix defaulting to TCL_PREFIX /usr/local
configure:3311: --exec-prefix defaulting to TCL_EXEC_PREFIX /usr/local
configure:3383: checking for tclsh
configure:3410: result: /Users/light/Documents/2017summer/text_analysis/external_data/WordNet-3.0/tcl8.6.6/unix/tclsh
configure:3573: creating ./config.status

## ---------------------- ##
## Running config.status. ##
## ---------------------- ##

This file was extended by tdbcsqlite3 config.status 1.0.4, which was
generated by GNU Autoconf 2.69.  Invocation command line was

  CONFIG_FILES    = 
  CONFIG_HEADERS  = 
  CONFIG_LINKS    = 
  CONFIG_COMMANDS = 
  $ ./config.status 

on guangdeMacBook-Pro.local

config.status:772: creating Makefile
config.status:772: creating pkgIndex.tcl
configure:4575: WARNING: unrecognized options: --with-tclinclude, --enable-shared, --enable-threads

## ---------------- ##
## Cache variables. ##
## ---------------- ##

ac_cv_c_compiler_gnu=yes
ac_cv_c_tclconfig=/Users/light/Documents/2017summer/text_analysis/external_data/WordNet-3.0/tcl8.6.6/unix
ac_cv_c_tdbcconfig=/Users/light/Documents/2017summer/text_analysis/external_data/WordNet-3.0/tcl8.6.6/unix/pkgs/tdbc1.0.4
ac_cv_env_CC_set=
ac_cv_env_CC_value=
ac_cv_env_CFLAGS_set=
ac_cv_env_CFLAGS_value=
ac_cv_env_CPPFLAGS_set=
ac_cv_env_CPPFLAGS_value=
ac_cv_env_LDFLAGS_set=
ac_cv_env_LDFLAGS_value=
ac_cv_env_LIBS_set=
ac_cv_env_LIBS_value=
ac_cv_env_build_alias_set=set
ac_cv_env_build_alias_value=options
ac_cv_env_host_alias_set=set
ac_cv_env_host_alias_value=options
ac_cv_env_target_alias_set=set
ac_cv_env_target_alias_value=options
ac_cv_objext=o
ac_cv_prog_ac_ct_CC=gcc
ac_cv_prog_cc_c89=
ac_cv_prog_cc_g=yes

## ----------------- ##
## Output variables. ##
## ----------------- ##

CC='gcc'
CFLAGS=''
CLEANFILES=''
CPPFLAGS=''
CYGPATH='echo'
DEFS='-DPACKAGE_NAME=\"tdbcsqlite3\" -DPACKAGE_TARNAME=\"tdbcsqlite3\" -DPACKAGE_VERSION=\"1.0.4\" -DPACKAGE_STRING=\"tdbcsqlite3\ 1.0.4\" -DPACKAGE_BUGREPORT=\"\" -DPACKAGE_URL=\"\" -DBUILD_tdbcsqlite3=/\*\*/'
ECHO_C='\c'
ECHO_N=''
ECHO_T=''
EXEEXT=''
LDFLAGS=''
LIBOBJS=''
LIBS=''
LTLIBOBJS=''
OBJEXT='o'
PACKAGE_BUGREPORT=''
PACKAGE_NAME='tdbcsqlite3'
PACKAGE_STRING='tdbcsqlite3 1.0.4'
PACKAGE_TARNAME='tdbcsqlite3'
PACKAGE_URL=''
PACKAGE_VERSION='1.0.4'
PATH_SEPARATOR=':'
PKG_CFLAGS=''
PKG_HEADERS=''
PKG_INCLUDES=''
PKG_LIBS=' -L/Users/light/Documents/2017summer/text_analysis/external_data/WordNet-3.0/tcl8.6.6/unix/pkgs/tdbc1.0.4 -ltdbcstub1.0.4'
PKG_LIB_FILE=''
PKG_STUB_LIB_FILE=''
PKG_STUB_OBJECTS=''
PKG_STUB_SOURCES=''
PKG_TCL_SOURCES=' library/tdbcsqlite3.tcl'
SHELL='/bin/sh'
TCLSH_PROG='/Users/light/Documents/2017summer/text_analysis/external_data/WordNet-3.0/tcl8.6.6/unix/tclsh'
TCL_BIN_DIR='/Users/light/Documents/2017summer/text_analysis/external_data/WordNet-3.0/tcl8.6.6/unix'
TCL_DEFS='-DPACKAGE_NAME=\"tcl\" -DPACKAGE_TARNAME=\"tcl\" -DPACKAGE_VERSION=\"8.6\" -DPACKAGE_STRING=\"tcl\ 8.6\" -DPACKAGE_BUGREPORT=\"\" -DSTDC_HEADERS=1 -DHAVE_SYS_TYPES_H=1 -DHAVE_SYS_STAT_H=1 -DHAVE_STDLIB_H=1 -DHAVE_STRING_H=1 -DHAVE_MEMORY_H=1 -DHAVE_STRINGS_H=1 -DHAVE_INTTYPES_H=1 -DHAVE_STDINT_H=1 -DHAVE_UNISTD_H=1 -DNO_VALUES_H=1 -DHAVE_SYS_PARAM_H=1 -DUSE_THREAD_ALLOC=1 -D_REENTRANT=1 -D_THREAD_SAFE=1 -DHAVE_PTHREAD_ATTR_SETSTACKSIZE=1 -DHAVE_PTHREAD_ATFORK=1 -DTCL_THREADS=1 -DTCL_CFGVAL_ENCODING=\"iso8859-1\" -DHAVE_ZLIB=1 -DMODULE_SCOPE=extern\ __attribute__\(\(__visibility__\(\"hidden\"\)\)\) -DHAVE_HIDDEN=1 -DMAC_OSX_TCL=1 -DHAVE_COREFOUNDATION=1 -DHAVE_CAST_TO_UNION=1 -DTCL_SHLIB_EXT=\".dylib\" -DNDEBUG=1 -DTCL_CFG_OPTIMIZED=1 -DTCL_TOMMATH=1 -DMP_PREC=4 -DTCL_WIDE_INT_IS_LONG=1 -DHAVE_GETCWD=1 -DHAVE_MKSTEMP=1 -DHAVE_OPENDIR=1 -DHAVE_STRTOL=1 -DHAVE_WAITPID=1 -DHAVE_GETNAMEINFO=1 -DHAVE_GETADDRINFO=1 -DHAVE_FREEADDRINFO=1 -DHAVE_GAI_STRERROR=1 -DHAVE_STRUCT_ADDRINFO=1 -DHAVE_STRUCT_IN6_ADDR=1 -DHAVE_STRUCT_SOCKADDR_IN6=1 -DHAVE_STRUCT_SOCKADDR_STORAGE=1 -DHAVE_GETPWUID_R_5=1 -DHAVE_GETPWUID_R=1 -DHAVE_GETPWNAM_R_5=1 -DHAVE_GETPWNAM_R=1 -DHAVE_GETGRGID_R_5=1 -DHAVE_GETGRGID_R=1 -DHAVE_GETGRNAM_R_5=1 -DHAVE_GETGRNAM_R=1 -DHAVE_MTSAFE_GETHOSTBYNAME=1 -DHAVE_MTSAFE_GETHOSTBYADDR=1 -DHAVE_TERMIOS_H=1 -DHAVE_SYS_IOCTL_H=1 -DHAVE_SYS_TIME_H=1 -DTIME_WITH_SYS_TIME=1 -DHAVE_GMTIME_R=1 -DHAVE_LOCALTIME_R=1 -DHAVE_MKTIME=1 -DHAVE_TM_GMTOFF=1 -DHAVE_TIMEZONE_VAR=1 -DHAVE_STRUCT_STAT_ST_BLOCKS=1 -DHAVE_STRUCT_STAT_ST_BLKSIZE=1 -DHAVE_BLKCNT_T=1 -DHAVE_INTPTR_T=1 -DHAVE_UINTPTR_T=1 -DHAVE_SIGNED_CHAR=1 -DHAVE_LANGINFO=1 -DHAVE_CHFLAGS=1 -DHAVE_MKSTEMPS=1 -DHAVE_GETATTRLIST=1 -DHAVE_COPYFILE_H=1 -DHAVE_COPYFILE=1 -DHAVE_LIBKERN_OSATOMIC_H=1 -DHAVE_OSSPINLOCKLOCK=1 -DUSE_VFORK=1 -DTCL_DEFAULT_ENCODING=\"utf-8\" -DTCL_LOAD_FROM_MEMORY=1 -DTCL_WIDE_CLICKS=1 -DHAVE_AVAILABILITYMACROS_H=1 -DHAVE_WEAK_IMPORT=1 -D_DARWIN_C_SOURCE=1 -DHAVE_FTS=1 -DHAVE_SYS_IOCTL_H=1 -DHAVE_SYS_FILIO_H=1 -DTCL_UNLOAD_DLLS=1 -DHAVE_CPUID=1 '
TCL_EXTRA_CFLAGS='-pipe   '
TCL_LD_FLAGS=' -prebind -headerpad_max_install_names -Wl,-search_paths_first '
TCL_LIBS=' -lz  -lpthread -framework CoreFoundation '
TCL_LIB_FILE='libtcl8.6.dylib'
TCL_LIB_FLAG='-ltcl8.6'
TCL_LIB_SPEC='-L/Users/light/Documents/2017summer/text_analysis/external_data/WordNet-3.0/tcl8.6.6/unix -ltcl8.6'
TCL_MAJOR_VERSION='8'
TCL_MINOR_VERSION='6'
TCL_PATCH_LEVEL='.6'
TCL_SHLIB_LD_LIBS='${LIBS}'
TCL_SRC_DIR='/Users/light/Documents/2017summer/text_analysis/external_data/WordNet-3.0/tcl8.6.6'
TCL_STUB_LIB_FILE='libtclstub8.6.a'
TCL_STUB_LIB_FLAG='-ltclstub8.6'
TCL_STUB_LIB_SPEC='-L/Users/light/Documents/2017summer/text_analysis/external_data/WordNet-3.0/tcl8.6.6/unix -ltclstub8.6'
TCL_VERSION='8.6'
TDBC_LIB_FILE='libtdbc1.0.4.dylib'
TDBC_VERSION='1.0.4'
ac_ct_CC='gcc'
bindir='${exec_prefix}/bin'
build_alias='options'
datadir='${datarootdir}'
datarootdir='${prefix}/share'
docdir='${datarootdir}/doc/${PACKAGE_TARNAME}'
dvidir='${docdir}'
exec_prefix='/usr/local'
host_alias='options'
htmldir='${docdir}'
includedir='${prefix}/include'
infodir='${datarootdir}/info'
libdir='/usr/local/lib'
libexecdir='${exec_prefix}/libexec'
localedir='${datarootdir}/locale'
localstatedir='${prefix}/var'
mandir='${datarootdir}/man'
oldincludedir='/usr/include'
pdfdir='${docdir}'
prefix='/usr/local'
program_transform_name='s,x,x,'
psdir='${docdir}'
sbindir='${exec_prefix}/sbin'
sharedstatedir='${prefix}/com'
sysconfdir='${prefix}/etc'
target_alias='options'
tdbc_BIN_DIR='/Users/light/Documents/2017summer/text_analysis/external_data/WordNet-3.0/tcl8.6.6/unix/pkgs/tdbc1.0.4'
tdbc_LIB_FILE='libtdbc1.0.4.dylib'
tdbc_LIB_SPEC='-L/usr/local/lib/tdbc1.0.4 -ltdbc1.0.4'
tdbc_SRC_DIR='/Users/light/Documents/2017summer/text_analysis/external_data/WordNet-3.0/tcl8.6.6/pkgs/tdbc1.0.4'
tdbc_STUB_LIB_FILE='libtdbcstub1.0.4.a'
tdbc_STUB_LIB_PATH='/Users/light/Documents/2017summer/text_analysis/external_data/WordNet-3.0/tcl8.6.6/unix/pkgs/tdbc1.0.4/libtdbcstub1.0.4.a'
tdbc_STUB_LIB_SPEC='-L/Users/light/Documents/2017summer/text_analysis/external_data/WordNet-3.0/tcl8.6.6/unix/pkgs/tdbc1.0.4 -ltdbcstub1.0.4'
tdbc_VERSION='1.0.4'

## ----------- ##
## confdefs.h. ##
## ----------- ##

/* confdefs.h */
#define PACKAGE_NAME "tdbcsqlite3"
#define PACKAGE_TARNAME "tdbcsqlite3"
#define PACKAGE_VERSION "1.0.4"
#define PACKAGE_STRING "tdbcsqlite3 1.0.4"
#define PACKAGE_BUGREPORT ""
#define PACKAGE_URL ""
#define BUILD_tdbcsqlite3 /**/

configure: exit 0
